2024-11-01 14:33:35,126 - DEBUG - 网络连接成功
2024-11-01 14:33:36,948 - DEBUG - 新增一个读队列线程：
2024-11-01 14:33:39,287 - DEBUG - >>>>>> 写入队列任务：打印自测页 <<<<<<
2024-11-01 14:33:39,454 - DEBUG - >>>>>> 任务发送成功，返回：None  <<<<<<
2024-11-01 14:33:45,111 - DEBUG - >>>>>> 写入队列任务：打印自测页 <<<<<<
2024-11-01 14:33:45,466 - DEBUG - >>>>>> 任务发送成功，返回：None  <<<<<<
2024-11-01 14:33:50,775 - DEBUG - >>>>>> 写入队列任务：半切刀 <<<<<<
2024-11-01 14:33:50,976 - DEBUG - >>>>>> 任务发送成功，返回：None  <<<<<<
2024-11-01 14:33:51,879 - DEBUG - >>>>>> 写入队列任务：全切刀 <<<<<<
2024-11-01 14:33:51,979 - DEBUG - >>>>>> 任务发送成功，返回：None  <<<<<<
2024-11-01 14:33:55,380 - DEBUG - >>>>>> 写入队列任务：英文58mm票据 <<<<<<
2024-11-01 14:33:55,485 - DEBUG - >>>>>> 任务发送成功，返回：None  <<<<<<
2024-11-01 14:33:57,041 - DEBUG - >>>>>> 写入队列任务：中文简体/繁体58mm票据 <<<<<<
2024-11-01 14:33:57,489 - DEBUG - >>>>>> 任务发送成功，返回：None  <<<<<<
2024-11-01 14:34:00,040 - DEBUG - >>>>>> 写入队列任务：韩文/日文58mm票据 <<<<<<
2024-11-01 14:34:00,493 - DEBUG - >>>>>> 任务发送成功，返回：None  <<<<<<
2024-11-01 14:34:02,939 - DEBUG - >>>>>> 写入队列任务：英文80mm票据 <<<<<<
2024-11-01 14:34:02,998 - DEBUG - >>>>>> 任务发送成功，返回：None  <<<<<<
2024-11-01 14:34:05,184 - DEBUG - >>>>>> 写入队列任务：中文简体/繁体80mm票据 <<<<<<
2024-11-01 14:34:05,503 - DEBUG - >>>>>> 任务发送成功，返回：None  <<<<<<
2024-11-01 14:34:09,056 - DEBUG - >>>>>> 写入队列任务：韩文/日文80mm票据 <<<<<<
2024-11-01 14:34:09,511 - DEBUG - >>>>>> 任务发送成功，返回：None  <<<<<<
2024-11-01 14:34:17,272 - DEBUG - >>>>>> 写入队列任务：英文58mm票据 <<<<<<
2024-11-01 14:34:17,527 - DEBUG - >>>>>> 任务发送成功，返回：None  <<<<<<
2024-11-01 14:34:21,303 - DEBUG - >>>>>> 写入队列任务：发送文本框数据(16进制) <<<<<<
2024-11-01 14:34:21,536 - DEBUG - >>>>>> 任务发送成功，返回：None  <<<<<<
2024-11-01 14:34:32,567 - DEBUG - >>>>>> 写入队列任务：发送文本框数据(16进制) <<<<<<
2024-11-01 14:34:33,059 - DEBUG - >>>>>> 任务发送成功，返回：None  <<<<<<
2024-11-01 14:34:36,256 - DEBUG - >>>>>> 写入队列任务：打印条形码 <<<<<<
2024-11-01 14:34:36,565 - DEBUG - >>>>>> 任务发送成功，返回：None  <<<<<<
2024-11-01 14:34:37,112 - DEBUG - >>>>>> 写入队列任务：打印条形码 <<<<<<
2024-11-01 14:34:37,568 - DEBUG - >>>>>> 任务发送成功，返回：None  <<<<<<
2024-11-01 14:34:43,392 - DEBUG - >>>>>> 写入队列任务：打印条形码 <<<<<<
2024-11-01 14:34:43,580 - DEBUG - >>>>>> 任务发送成功，返回：None  <<<<<<
2024-11-01 14:34:44,112 - DEBUG - >>>>>> 写入队列任务：打印条形码 <<<<<<
2024-11-01 14:34:44,582 - DEBUG - >>>>>> 任务发送成功，返回：None  <<<<<<
2024-11-01 14:34:50,151 - DEBUG - >>>>>> 写入队列任务：打印条形码 <<<<<<
2024-11-01 14:34:50,591 - DEBUG - >>>>>> 任务发送成功，返回：None  <<<<<<
2024-11-01 14:34:51,079 - DEBUG - >>>>>> 写入队列任务：打印条形码 <<<<<<
2024-11-01 14:34:51,093 - DEBUG - >>>>>> 任务发送成功，返回：None  <<<<<<
2024-11-01 14:34:53,535 - DEBUG - >>>>>> 写入队列任务：打印条形码 <<<<<<
2024-11-01 14:34:53,598 - DEBUG - >>>>>> 任务发送成功，返回：None  <<<<<<
2024-11-01 14:34:54,039 - DEBUG - >>>>>> 写入队列任务：打印条形码 <<<<<<
2024-11-01 14:34:54,099 - DEBUG - >>>>>> 任务发送成功，返回：None  <<<<<<
2024-11-01 14:34:54,807 - DEBUG - >>>>>> 写入队列任务：打印条形码 <<<<<<
2024-11-01 14:34:55,101 - DEBUG - >>>>>> 任务发送成功，返回：None  <<<<<<
2024-11-01 14:35:04,560 - DEBUG - ('发送打印图片任务：Path:{}', 'C:/Users/Administrator/Desktop/解密/解密/time1.jpg')
2024-11-01 14:35:04,561 - DEBUG - 任务失败
2024-11-01 14:35:08,240 - DEBUG - >>>>>> 写入队列任务：打印自测页 <<<<<<
2024-11-01 14:35:08,626 - DEBUG - >>>>>> 任务发送成功，返回：None  <<<<<<
2024-11-01 14:35:19,023 - DEBUG - 2寸速度测试
2024-11-01 14:35:25,196 - DEBUG - >>>>>> 写入队列任务：模块打印测试 <<<<<<
2024-11-01 14:35:25,656 - DEBUG - >>>>>> 任务发送成功，返回：None  <<<<<<
2024-11-01 14:35:27,417 - DEBUG - >>>>>> 写入队列任务：最大打印宽度测试 <<<<<<
2024-11-01 14:35:27,661 - DEBUG - >>>>>> 任务发送成功，返回：None  <<<<<<
2024-11-01 14:35:29,829 - DEBUG - >>>>>> 写入队列任务：打印效果测试 <<<<<<
2024-11-01 14:35:30,167 - DEBUG - >>>>>> 任务第1包  <<<<<<
2024-11-01 14:35:30,168 - DEBUG - >>>>>> 任务发送成功，返回：None  <<<<<<
2024-11-01 14:35:30,169 - DEBUG - >>>>>> 任务第2包  <<<<<<
2024-11-01 14:35:30,170 - DEBUG - >>>>>> 任务发送成功，返回：None  <<<<<<
2024-11-01 14:35:30,171 - DEBUG - >>>>>> 任务第3包  <<<<<<
2024-11-01 14:35:30,703 - DEBUG - >>>>>> 任务发送成功，返回：None  <<<<<<
2024-11-01 14:35:34,153 - DEBUG - >>>>>> 写入队列任务：条码打印测试 <<<<<<
2024-11-01 14:35:34,211 - DEBUG - >>>>>> 任务发送成功，返回：None  <<<<<<
2024-11-01 14:35:37,667 - DEBUG - >>>>>> 写入队列任务：打印压缩测试 <<<<<<
2024-11-01 14:35:37,674 - DEBUG - >>>>>> 写入队列任务：打印压缩测试 <<<<<<
2024-11-01 14:35:37,717 - DEBUG - >>>>>> 任务发送成功，返回：None  <<<<<<
2024-11-01 14:35:38,218 - DEBUG - >>>>>> 任务发送成功，返回：None  <<<<<<
2024-11-01 14:35:41,441 - DEBUG - >>>>>> 写入队列任务：打印拖尾测试 <<<<<<
2024-11-01 14:35:41,726 - DEBUG - >>>>>> 任务发送成功，返回：None  <<<<<<
2024-11-01 14:35:50,992 - DEBUG - 关闭读队列线程
2024-11-01 14:35:51,244 - DEBUG - 清空任务队列
2024-11-01 14:35:52,138 - DEBUG - 关闭网络连接
